<?xml version="1.0" encoding="UTF-8"?>
<coverage generated="1664803490415" clover="3.2.0">
  <project timestamp="1664803490415" name="All files">
    <metrics statements="49" coveredstatements="48" conditionals="10" coveredconditionals="9" methods="18" coveredmethods="16" elements="77" coveredelements="73" complexity="0" loc="49" ncloc="49" packages="1" files="4" classes="4"/>
    <file name="create-focus.ts" path="/home/gianmarcotoso/Developer/experiments/informal/src/create-focus.ts">
      <metrics statements="10" coveredstatements="10" conditionals="0" coveredconditionals="0" methods="6" coveredmethods="5"/>
      <line num="3" count="1" type="stmt"/>
      <line num="4" count="7" type="stmt"/>
      <line num="7" count="5" type="stmt"/>
      <line num="8" count="1" type="stmt"/>
      <line num="13" count="3" type="stmt"/>
      <line num="17" count="5" type="stmt"/>
      <line num="19" count="5" type="stmt"/>
      <line num="23" count="1" type="stmt"/>
      <line num="25" count="1" type="stmt"/>
      <line num="28" count="7" type="stmt"/>
    </file>
    <file name="create-form.ts" path="/home/gianmarcotoso/Developer/experiments/informal/src/create-form.ts">
      <metrics statements="20" coveredstatements="20" conditionals="3" coveredconditionals="3" methods="6" coveredmethods="5"/>
      <line num="1" count="2" type="stmt"/>
      <line num="2" count="2" type="stmt"/>
      <line num="4" count="2" type="stmt"/>
      <line num="7" count="2" type="cond" truecount="1" falsecount="0"/>
      <line num="8" count="13" type="stmt"/>
      <line num="9" count="13" type="stmt"/>
      <line num="12" count="17" type="stmt"/>
      <line num="13" count="1" type="stmt"/>
      <line num="18" count="18" type="stmt"/>
      <line num="22" count="17" type="stmt"/>
      <line num="23" count="17" type="stmt"/>
      <line num="25" count="17" type="stmt"/>
      <line num="27" count="17" type="cond" truecount="2" falsecount="0"/>
      <line num="28" count="4" type="stmt"/>
      <line num="30" count="4" type="stmt"/>
      <line num="32" count="13" type="stmt"/>
      <line num="35" count="17" type="stmt"/>
      <line num="39" count="1" type="stmt"/>
      <line num="41" count="1" type="stmt"/>
      <line num="44" count="13" type="stmt"/>
    </file>
    <file name="normalize-path.util.ts" path="/home/gianmarcotoso/Developer/experiments/informal/src/normalize-path.util.ts">
      <metrics statements="12" coveredstatements="11" conditionals="5" coveredconditionals="4" methods="4" coveredmethods="4"/>
      <line num="1" count="4" type="stmt"/>
      <line num="5" count="51" type="cond" truecount="1" falsecount="0"/>
      <line num="6" count="4" type="stmt"/>
      <line num="9" count="47" type="cond" truecount="3" falsecount="0"/>
      <line num="10" count="10" type="stmt"/>
      <line num="11" count="23" type="stmt"/>
      <line num="14" count="37" type="stmt"/>
      <line num="17" count="4" type="stmt"/>
      <line num="18" count="42" type="cond" truecount="0" falsecount="1"/>
      <line num="19" count="0" type="stmt"/>
      <line num="22" count="42" type="stmt"/>
      <line num="23" count="42" type="stmt"/>
    </file>
    <file name="wrap-handler.util.ts" path="/home/gianmarcotoso/Developer/experiments/informal/src/wrap-handler.util.ts">
      <metrics statements="7" coveredstatements="7" conditionals="2" coveredconditionals="2" methods="2" coveredmethods="2"/>
      <line num="1" count="1" type="stmt"/>
      <line num="3" count="1" type="stmt"/>
      <line num="4" count="2" type="stmt"/>
      <line num="5" count="2" type="stmt"/>
      <line num="6" count="2" type="stmt"/>
      <line num="8" count="2" type="stmt"/>
      <line num="10" count="2" type="cond" truecount="2" falsecount="0"/>
    </file>
  </project>
</coverage>
