{"/home/gianmarcotoso/Developer/experiments/informal/src/create-focus.ts": {"path":"/home/gianmarcotoso/Developer/experiments/informal/src/create-focus.ts","statementMap":{"0":{"start":{"line":4,"column":19},"end":{"line":4,"column":38}},"1":{"start":{"line":7,"column":2},"end":{"line":9,"column":null}},"2":{"start":{"line":8,"column":3},"end":{"line":8,"column":null}},"3":{"start":{"line":13,"column":2},"end":{"line":13,"column":null}},"4":{"start":{"line":17,"column":2},"end":{"line":17,"column":null}},"5":{"start":{"line":19,"column":2},"end":{"line":19,"column":null}},"6":{"start":{"line":23,"column":2},"end":{"line":23,"column":null}},"7":{"start":{"line":25,"column":2},"end":{"line":25,"column":null}},"8":{"start":{"line":25,"column":15},"end":{"line":25,"column":41}},"9":{"start":{"line":28,"column":1},"end":{"line":32,"column":null}},"10":{"start":{"line":3,"column":0},"end":{"line":3,"column":16}}},"fnMap":{"0":{"name":"createFocus","decl":{"start":{"line":3,"column":16},"end":{"line":3,"column":27}},"loc":{"start":{"line":3,"column":71},"end":{"line":33,"column":1}}},"1":{"name":"onUpdate","decl":{"start":{"line":6,"column":10},"end":{"line":6,"column":18}},"loc":{"start":{"line":6,"column":18},"end":{"line":10,"column":2}}},"2":{"name":"getData","decl":{"start":{"line":12,"column":10},"end":{"line":12,"column":17}},"loc":{"start":{"line":12,"column":17},"end":{"line":14,"column":2}}},"3":{"name":"setData","decl":{"start":{"line":16,"column":10},"end":{"line":16,"column":17}},"loc":{"start":{"line":16,"column":34},"end":{"line":20,"column":2}}},"4":{"name":"subscribe","decl":{"start":{"line":22,"column":10},"end":{"line":22,"column":19}},"loc":{"start":{"line":22,"column":38},"end":{"line":26,"column":2}}},"5":{"name":"(anonymous_5)","decl":{"start":{"line":25,"column":9},"end":{"line":25,"column":12}},"loc":{"start":{"line":25,"column":15},"end":{"line":25,"column":41}}}},"branchMap":{},"s":{"0":7,"1":5,"2":1,"3":3,"4":5,"5":5,"6":1,"7":1,"8":0,"9":7,"10":1},"f":{"0":7,"1":5,"2":3,"3":5,"4":1,"5":0},"b":{}}
,"/home/gianmarcotoso/Developer/experiments/informal/src/create-form.ts": {"path":"/home/gianmarcotoso/Developer/experiments/informal/src/create-form.ts","statementMap":{"0":{"start":{"line":1,"column":0},"end":{"line":1,"column":31}},"1":{"start":{"line":2,"column":0},"end":{"line":2,"column":56}},"2":{"start":{"line":4,"column":0},"end":{"line":4,"column":53}},"3":{"start":{"line":8,"column":12},"end":{"line":8,"column":31}},"4":{"start":{"line":9,"column":19},"end":{"line":9,"column":38}},"5":{"start":{"line":12,"column":2},"end":{"line":14,"column":null}},"6":{"start":{"line":13,"column":3},"end":{"line":13,"column":null}},"7":{"start":{"line":18,"column":2},"end":{"line":18,"column":null}},"8":{"start":{"line":22,"column":15},"end":{"line":22,"column":50}},"9":{"start":{"line":23,"column":16},"end":{"line":23,"column":26}},"10":{"start":{"line":25,"column":19},"end":{"line":25,"column":33}},"11":{"start":{"line":27,"column":2},"end":{"line":33,"column":null}},"12":{"start":{"line":28,"column":21},"end":{"line":28,"column":57}},"13":{"start":{"line":30,"column":3},"end":{"line":30,"column":null}},"14":{"start":{"line":32,"column":3},"end":{"line":32,"column":null}},"15":{"start":{"line":35,"column":2},"end":{"line":35,"column":null}},"16":{"start":{"line":39,"column":2},"end":{"line":39,"column":null}},"17":{"start":{"line":41,"column":2},"end":{"line":41,"column":null}},"18":{"start":{"line":41,"column":15},"end":{"line":41,"column":41}},"19":{"start":{"line":44,"column":1},"end":{"line":48,"column":null}},"20":{"start":{"line":7,"column":0},"end":{"line":7,"column":16}}},"fnMap":{"0":{"name":"createForm","decl":{"start":{"line":7,"column":16},"end":{"line":7,"column":26}},"loc":{"start":{"line":7,"column":59},"end":{"line":49,"column":1}}},"1":{"name":"onUpdate","decl":{"start":{"line":11,"column":10},"end":{"line":11,"column":18}},"loc":{"start":{"line":11,"column":18},"end":{"line":15,"column":2}}},"2":{"name":"getData","decl":{"start":{"line":17,"column":10},"end":{"line":17,"column":17}},"loc":{"start":{"line":17,"column":43},"end":{"line":19,"column":2}}},"3":{"name":"setData","decl":{"start":{"line":21,"column":10},"end":{"line":21,"column":17}},"loc":{"start":{"line":21,"column":34},"end":{"line":36,"column":2}}},"4":{"name":"subscribe","decl":{"start":{"line":38,"column":10},"end":{"line":38,"column":19}},"loc":{"start":{"line":38,"column":38},"end":{"line":42,"column":2}}},"5":{"name":"(anonymous_5)","decl":{"start":{"line":41,"column":9},"end":{"line":41,"column":12}},"loc":{"start":{"line":41,"column":15},"end":{"line":41,"column":41}}}},"branchMap":{"0":{"loc":{"start":{"line":7,"column":30},"end":{"line":7,"column":59}},"type":"default-arg","locations":[{"start":{"line":7,"column":57},"end":{"line":7,"column":59}}]},"1":{"loc":{"start":{"line":27,"column":2},"end":{"line":33,"column":null}},"type":"if","locations":[{"start":{"line":27,"column":2},"end":{"line":33,"column":null}},{"start":{"line":31,"column":9},"end":{"line":33,"column":null}}]}},"s":{"0":2,"1":2,"2":2,"3":13,"4":13,"5":17,"6":1,"7":18,"8":17,"9":17,"10":17,"11":17,"12":4,"13":4,"14":13,"15":17,"16":1,"17":1,"18":0,"19":13,"20":2},"f":{"0":13,"1":17,"2":18,"3":17,"4":1,"5":0},"b":{"0":[1],"1":[4,13]}}
,"/home/gianmarcotoso/Developer/experiments/informal/src/normalize-path.util.ts": {"path":"/home/gianmarcotoso/Developer/experiments/informal/src/normalize-path.util.ts","statementMap":{"0":{"start":{"line":1,"column":0},"end":{"line":1,"column":31}},"1":{"start":{"line":5,"column":1},"end":{"line":7,"column":null}},"2":{"start":{"line":6,"column":2},"end":{"line":6,"column":null}},"3":{"start":{"line":9,"column":1},"end":{"line":12,"column":null}},"4":{"start":{"line":10,"column":19},"end":{"line":10,"column":41}},"5":{"start":{"line":11,"column":2},"end":{"line":11,"column":null}},"6":{"start":{"line":11,"column":37},"end":{"line":11,"column":60}},"7":{"start":{"line":14,"column":1},"end":{"line":14,"column":null}},"8":{"start":{"line":18,"column":1},"end":{"line":20,"column":null}},"9":{"start":{"line":19,"column":2},"end":{"line":19,"column":null}},"10":{"start":{"line":22,"column":24},"end":{"line":22,"column":73}},"11":{"start":{"line":22,"column":48},"end":{"line":22,"column":71}},"12":{"start":{"line":23,"column":1},"end":{"line":23,"column":null}},"13":{"start":{"line":17,"column":0},"end":{"line":17,"column":16}}},"fnMap":{"0":{"name":"normalizePathElement","decl":{"start":{"line":4,"column":9},"end":{"line":4,"column":29}},"loc":{"start":{"line":4,"column":54},"end":{"line":15,"column":1}}},"1":{"name":"(anonymous_1)","decl":{"start":{"line":11,"column":30},"end":{"line":11,"column":31}},"loc":{"start":{"line":11,"column":37},"end":{"line":11,"column":60}}},"2":{"name":"normalizePath","decl":{"start":{"line":17,"column":16},"end":{"line":17,"column":29}},"loc":{"start":{"line":17,"column":52},"end":{"line":24,"column":1}}},"3":{"name":"(anonymous_3)","decl":{"start":{"line":22,"column":41},"end":{"line":22,"column":42}},"loc":{"start":{"line":22,"column":48},"end":{"line":22,"column":71}}}},"branchMap":{"0":{"loc":{"start":{"line":5,"column":1},"end":{"line":7,"column":null}},"type":"if","locations":[{"start":{"line":5,"column":1},"end":{"line":7,"column":null}}]},"1":{"loc":{"start":{"line":9,"column":1},"end":{"line":12,"column":null}},"type":"if","locations":[{"start":{"line":9,"column":1},"end":{"line":12,"column":null}}]},"2":{"loc":{"start":{"line":9,"column":5},"end":{"line":9,"column":65}},"type":"binary-expr","locations":[{"start":{"line":9,"column":5},"end":{"line":9,"column":36}},{"start":{"line":9,"column":40},"end":{"line":9,"column":65}}]},"3":{"loc":{"start":{"line":18,"column":1},"end":{"line":20,"column":null}},"type":"if","locations":[{"start":{"line":18,"column":1},"end":{"line":20,"column":null}}]}},"s":{"0":4,"1":51,"2":4,"3":47,"4":10,"5":10,"6":23,"7":37,"8":42,"9":0,"10":42,"11":28,"12":42,"13":4},"f":{"0":51,"1":23,"2":42,"3":28},"b":{"0":[4],"1":[10],"2":[47,47],"3":[0]}}
,"/home/gianmarcotoso/Developer/experiments/informal/src/wrap-handler.util.ts": {"path":"/home/gianmarcotoso/Developer/experiments/informal/src/wrap-handler.util.ts","statementMap":{"0":{"start":{"line":1,"column":0},"end":{"line":1,"column":53}},"1":{"start":{"line":4,"column":1},"end":{"line":11,"column":null}},"2":{"start":{"line":5,"column":17},"end":{"line":5,"column":49}},"3":{"start":{"line":6,"column":41},"end":{"line":6,"column":47}},"4":{"start":{"line":8,"column":15},"end":{"line":8,"column":34}},"5":{"start":{"line":10,"column":2},"end":{"line":10,"column":null}},"6":{"start":{"line":3,"column":0},"end":{"line":3,"column":16}}},"fnMap":{"0":{"name":"wrapHandler","decl":{"start":{"line":3,"column":16},"end":{"line":3,"column":27}},"loc":{"start":{"line":3,"column":52},"end":{"line":12,"column":1}}},"1":{"name":"eventHandler","decl":{"start":{"line":4,"column":17},"end":{"line":4,"column":29}},"loc":{"start":{"line":4,"column":42},"end":{"line":11,"column":2}}}},"branchMap":{"0":{"loc":{"start":{"line":10,"column":18},"end":{"line":10,"column":55}},"type":"cond-expr","locations":[{"start":{"line":10,"column":40},"end":{"line":10,"column":47}},{"start":{"line":10,"column":50},"end":{"line":10,"column":55}}]}},"s":{"0":1,"1":2,"2":2,"3":2,"4":2,"5":2,"6":1},"f":{"0":2,"1":2},"b":{"0":[1,1]}}
}
