{"/home/gianmarcotoso/Developer/experiments/informal/src/create-focus.ts": {"path":"/home/gianmarcotoso/Developer/experiments/informal/src/create-focus.ts","statementMap":{"0":{"start":{"line":4,"column":19},"end":{"line":4,"column":38}},"1":{"start":{"line":7,"column":2},"end":{"line":9,"column":null}},"2":{"start":{"line":8,"column":3},"end":{"line":8,"column":null}},"3":{"start":{"line":13,"column":2},"end":{"line":17,"column":null}},"4":{"start":{"line":14,"column":22},"end":{"line":14,"column":26}},"5":{"start":{"line":16,"column":3},"end":{"line":16,"column":null}},"6":{"start":{"line":19,"column":2},"end":{"line":19,"column":null}},"7":{"start":{"line":23,"column":2},"end":{"line":23,"column":null}},"8":{"start":{"line":25,"column":2},"end":{"line":25,"column":null}},"9":{"start":{"line":29,"column":2},"end":{"line":29,"column":null}},"10":{"start":{"line":31,"column":2},"end":{"line":31,"column":null}},"11":{"start":{"line":31,"column":15},"end":{"line":31,"column":41}},"12":{"start":{"line":34,"column":1},"end":{"line":38,"column":null}},"13":{"start":{"line":3,"column":0},"end":{"line":3,"column":16}}},"fnMap":{"0":{"name":"createFocus","decl":{"start":{"line":3,"column":16},"end":{"line":3,"column":27}},"loc":{"start":{"line":3,"column":71},"end":{"line":39,"column":1}}},"1":{"name":"onUpdate","decl":{"start":{"line":6,"column":10},"end":{"line":6,"column":18}},"loc":{"start":{"line":6,"column":18},"end":{"line":10,"column":2}}},"2":{"name":"getData","decl":{"start":{"line":12,"column":10},"end":{"line":12,"column":17}},"loc":{"start":{"line":12,"column":59},"end":{"line":20,"column":2}}},"3":{"name":"setData","decl":{"start":{"line":22,"column":10},"end":{"line":22,"column":17}},"loc":{"start":{"line":22,"column":34},"end":{"line":26,"column":2}}},"4":{"name":"subscribe","decl":{"start":{"line":28,"column":10},"end":{"line":28,"column":19}},"loc":{"start":{"line":28,"column":38},"end":{"line":32,"column":2}}},"5":{"name":"(anonymous_5)","decl":{"start":{"line":31,"column":9},"end":{"line":31,"column":12}},"loc":{"start":{"line":31,"column":15},"end":{"line":31,"column":41}}}},"branchMap":{"0":{"loc":{"start":{"line":13,"column":2},"end":{"line":17,"column":null}},"type":"if","locations":[{"start":{"line":13,"column":2},"end":{"line":17,"column":null}}]},"1":{"loc":{"start":{"line":13,"column":6},"end":{"line":13,"column":56}},"type":"binary-expr","locations":[{"start":{"line":13,"column":6},"end":{"line":13,"column":23}},{"start":{"line":13,"column":27},"end":{"line":13,"column":56}}]}},"s":{"0":45,"1":27,"2":12,"3":111,"4":1,"5":1,"6":110,"7":27,"8":27,"9":23,"10":23,"11":22,"12":45,"13":4},"f":{"0":45,"1":27,"2":111,"3":27,"4":23,"5":22},"b":{"0":[1],"1":[111,3]}}
,"/home/gianmarcotoso/Developer/experiments/informal/src/create-form.ts": {"path":"/home/gianmarcotoso/Developer/experiments/informal/src/create-form.ts","statementMap":{"0":{"start":{"line":1,"column":0},"end":{"line":1,"column":31}},"1":{"start":{"line":2,"column":0},"end":{"line":2,"column":66}},"2":{"start":{"line":4,"column":0},"end":{"line":4,"column":53}},"3":{"start":{"line":8,"column":12},"end":{"line":8,"column":45}},"4":{"start":{"line":9,"column":19},"end":{"line":9,"column":38}},"5":{"start":{"line":12,"column":2},"end":{"line":14,"column":null}},"6":{"start":{"line":13,"column":3},"end":{"line":13,"column":null}},"7":{"start":{"line":18,"column":2},"end":{"line":22,"column":null}},"8":{"start":{"line":19,"column":22},"end":{"line":19,"column":26}},"9":{"start":{"line":21,"column":3},"end":{"line":21,"column":null}},"10":{"start":{"line":24,"column":2},"end":{"line":24,"column":null}},"11":{"start":{"line":28,"column":15},"end":{"line":28,"column":50}},"12":{"start":{"line":29,"column":16},"end":{"line":29,"column":26}},"13":{"start":{"line":31,"column":19},"end":{"line":31,"column":33}},"14":{"start":{"line":34,"column":2},"end":{"line":40,"column":null}},"15":{"start":{"line":35,"column":21},"end":{"line":35,"column":62}},"16":{"start":{"line":37,"column":3},"end":{"line":37,"column":null}},"17":{"start":{"line":39,"column":3},"end":{"line":39,"column":null}},"18":{"start":{"line":42,"column":2},"end":{"line":42,"column":null}},"19":{"start":{"line":43,"column":2},"end":{"line":43,"column":null}},"20":{"start":{"line":47,"column":2},"end":{"line":47,"column":null}},"21":{"start":{"line":49,"column":2},"end":{"line":49,"column":null}},"22":{"start":{"line":49,"column":15},"end":{"line":49,"column":41}},"23":{"start":{"line":52,"column":1},"end":{"line":56,"column":null}},"24":{"start":{"line":7,"column":0},"end":{"line":7,"column":16}}},"fnMap":{"0":{"name":"createForm","decl":{"start":{"line":7,"column":16},"end":{"line":7,"column":26}},"loc":{"start":{"line":7,"column":99},"end":{"line":57,"column":1}}},"1":{"name":"onUpdate","decl":{"start":{"line":11,"column":10},"end":{"line":11,"column":18}},"loc":{"start":{"line":11,"column":18},"end":{"line":15,"column":2}}},"2":{"name":"getData","decl":{"start":{"line":17,"column":10},"end":{"line":17,"column":17}},"loc":{"start":{"line":17,"column":59},"end":{"line":25,"column":2}}},"3":{"name":"setData","decl":{"start":{"line":27,"column":10},"end":{"line":27,"column":17}},"loc":{"start":{"line":27,"column":34},"end":{"line":44,"column":2}}},"4":{"name":"subscribe","decl":{"start":{"line":46,"column":10},"end":{"line":46,"column":19}},"loc":{"start":{"line":46,"column":38},"end":{"line":50,"column":2}}},"5":{"name":"(anonymous_5)","decl":{"start":{"line":49,"column":9},"end":{"line":49,"column":12}},"loc":{"start":{"line":49,"column":15},"end":{"line":49,"column":41}}}},"branchMap":{"0":{"loc":{"start":{"line":7,"column":30},"end":{"line":7,"column":63}},"type":"default-arg","locations":[{"start":{"line":7,"column":61},"end":{"line":7,"column":63}}]},"1":{"loc":{"start":{"line":7,"column":65},"end":{"line":7,"column":99}},"type":"default-arg","locations":[{"start":{"line":7,"column":91},"end":{"line":7,"column":99}}]},"2":{"loc":{"start":{"line":18,"column":2},"end":{"line":22,"column":null}},"type":"if","locations":[{"start":{"line":18,"column":2},"end":{"line":22,"column":null}}]},"3":{"loc":{"start":{"line":18,"column":6},"end":{"line":18,"column":56}},"type":"binary-expr","locations":[{"start":{"line":18,"column":6},"end":{"line":18,"column":23}},{"start":{"line":18,"column":27},"end":{"line":18,"column":56}}]},"4":{"loc":{"start":{"line":34,"column":2},"end":{"line":40,"column":null}},"type":"if","locations":[{"start":{"line":34,"column":2},"end":{"line":40,"column":null}},{"start":{"line":38,"column":9},"end":{"line":40,"column":null}}]}},"s":{"0":7,"1":7,"2":7,"3":81,"4":81,"5":56,"6":25,"7":292,"8":4,"9":4,"10":288,"11":56,"12":56,"13":56,"14":56,"15":14,"16":14,"17":42,"18":56,"19":56,"20":29,"21":29,"22":25,"23":81,"24":7},"f":{"0":81,"1":56,"2":292,"3":56,"4":29,"5":25},"b":{"0":[1],"1":[37],"2":[4],"3":[292,116],"4":[14,42]}}
,"/home/gianmarcotoso/Developer/experiments/informal/src/create-list.ts": {"path":"/home/gianmarcotoso/Developer/experiments/informal/src/create-list.ts","statementMap":{"0":{"start":{"line":1,"column":0},"end":{"line":1,"column":32}},"1":{"start":{"line":6,"column":24},"end":{"line":6,"column":26}},"2":{"start":{"line":9,"column":2},"end":{"line":9,"column":null}},"3":{"start":{"line":13,"column":2},"end":{"line":13,"column":null}},"4":{"start":{"line":17,"column":2},"end":{"line":17,"column":null}},"5":{"start":{"line":17,"column":30},"end":{"line":17,"column":45}},"6":{"start":{"line":21,"column":16},"end":{"line":21,"column":63}},"7":{"start":{"line":21,"column":44},"end":{"line":21,"column":62}},"8":{"start":{"line":23,"column":2},"end":{"line":23,"column":null}},"9":{"start":{"line":27,"column":2},"end":{"line":29,"column":null}},"10":{"start":{"line":28,"column":3},"end":{"line":28,"column":null}},"11":{"start":{"line":28,"column":29},"end":{"line":28,"column":47}},"12":{"start":{"line":32,"column":1},"end":{"line":38,"column":null}},"13":{"start":{"line":5,"column":0},"end":{"line":5,"column":16}}},"fnMap":{"0":{"name":"createList","decl":{"start":{"line":5,"column":16},"end":{"line":5,"column":26}},"loc":{"start":{"line":5,"column":79},"end":{"line":39,"column":1}}},"1":{"name":"getItems","decl":{"start":{"line":8,"column":10},"end":{"line":8,"column":18}},"loc":{"start":{"line":8,"column":18},"end":{"line":10,"column":2}}},"2":{"name":"setItems","decl":{"start":{"line":12,"column":10},"end":{"line":12,"column":18}},"loc":{"start":{"line":12,"column":28},"end":{"line":14,"column":2}}},"3":{"name":"addItem","decl":{"start":{"line":16,"column":10},"end":{"line":16,"column":17}},"loc":{"start":{"line":16,"column":25},"end":{"line":18,"column":2}}},"4":{"name":"(anonymous_4)","decl":{"start":{"line":17,"column":15},"end":{"line":17,"column":16}},"loc":{"start":{"line":17,"column":30},"end":{"line":17,"column":45}}},"5":{"name":"updateItem","decl":{"start":{"line":20,"column":10},"end":{"line":20,"column":20}},"loc":{"start":{"line":20,"column":46},"end":{"line":24,"column":2}}},"6":{"name":"(anonymous_6)","decl":{"start":{"line":21,"column":37},"end":{"line":21,"column":38}},"loc":{"start":{"line":21,"column":44},"end":{"line":21,"column":62}}},"7":{"name":"removeItem","decl":{"start":{"line":26,"column":10},"end":{"line":26,"column":20}},"loc":{"start":{"line":26,"column":28},"end":{"line":30,"column":2}}},"8":{"name":"(anonymous_8)","decl":{"start":{"line":27,"column":15},"end":{"line":27,"column":16}},"loc":{"start":{"line":27,"column":29},"end":{"line":29,"column":3}}},"9":{"name":"(anonymous_9)","decl":{"start":{"line":28,"column":22},"end":{"line":28,"column":23}},"loc":{"start":{"line":28,"column":29},"end":{"line":28,"column":47}}}},"branchMap":{"0":{"loc":{"start":{"line":5,"column":48},"end":{"line":5,"column":79}},"type":"default-arg","locations":[{"start":{"line":5,"column":71},"end":{"line":5,"column":79}}]},"1":{"loc":{"start":{"line":9,"column":9},"end":{"line":9,"column":36}},"type":"cond-expr","locations":[{"start":{"line":9,"column":23},"end":{"line":9,"column":27}},{"start":{"line":9,"column":27},"end":{"line":9,"column":36}}]},"2":{"loc":{"start":{"line":9,"column":9},"end":{"line":9,"column":27}},"type":"binary-expr","locations":[{"start":{"line":9,"column":9},"end":{"line":9,"column":27}},{"start":{"line":9,"column":23},"end":{"line":9,"column":27}}]}},"s":{"0":2,"1":27,"2":82,"3":2,"4":3,"5":3,"6":8,"7":14,"8":8,"9":4,"10":4,"11":8,"12":27,"13":2},"f":{"0":27,"1":82,"2":2,"3":3,"4":3,"5":8,"6":14,"7":4,"8":4,"9":8},"b":{"0":[1],"1":[79,3],"2":[82,82]}}
,"/home/gianmarcotoso/Developer/experiments/informal/src/normalize-path.util.ts": {"path":"/home/gianmarcotoso/Developer/experiments/informal/src/normalize-path.util.ts","statementMap":{"0":{"start":{"line":1,"column":0},"end":{"line":1,"column":31}},"1":{"start":{"line":5,"column":1},"end":{"line":7,"column":null}},"2":{"start":{"line":6,"column":2},"end":{"line":6,"column":null}},"3":{"start":{"line":9,"column":1},"end":{"line":12,"column":null}},"4":{"start":{"line":10,"column":19},"end":{"line":10,"column":41}},"5":{"start":{"line":11,"column":2},"end":{"line":11,"column":null}},"6":{"start":{"line":11,"column":37},"end":{"line":11,"column":60}},"7":{"start":{"line":14,"column":1},"end":{"line":14,"column":null}},"8":{"start":{"line":18,"column":1},"end":{"line":18,"column":null}},"9":{"start":{"line":18,"column":32},"end":{"line":18,"column":55}},"10":{"start":{"line":17,"column":0},"end":{"line":17,"column":16}}},"fnMap":{"0":{"name":"normalizePathElement","decl":{"start":{"line":4,"column":9},"end":{"line":4,"column":29}},"loc":{"start":{"line":4,"column":54},"end":{"line":15,"column":1}}},"1":{"name":"(anonymous_1)","decl":{"start":{"line":11,"column":30},"end":{"line":11,"column":31}},"loc":{"start":{"line":11,"column":37},"end":{"line":11,"column":60}}},"2":{"name":"normalizePath","decl":{"start":{"line":17,"column":16},"end":{"line":17,"column":29}},"loc":{"start":{"line":17,"column":52},"end":{"line":19,"column":1}}},"3":{"name":"(anonymous_3)","decl":{"start":{"line":18,"column":25},"end":{"line":18,"column":26}},"loc":{"start":{"line":18,"column":32},"end":{"line":18,"column":55}}}},"branchMap":{"0":{"loc":{"start":{"line":5,"column":1},"end":{"line":7,"column":null}},"type":"if","locations":[{"start":{"line":5,"column":1},"end":{"line":7,"column":null}}]},"1":{"loc":{"start":{"line":9,"column":1},"end":{"line":12,"column":null}},"type":"if","locations":[{"start":{"line":9,"column":1},"end":{"line":12,"column":null}}]},"2":{"loc":{"start":{"line":9,"column":5},"end":{"line":9,"column":65}},"type":"binary-expr","locations":[{"start":{"line":9,"column":5},"end":{"line":9,"column":36}},{"start":{"line":9,"column":40},"end":{"line":9,"column":65}}]}},"s":{"0":9,"1":325,"2":27,"3":298,"4":60,"5":60,"6":137,"7":238,"8":351,"9":188,"10":9},"f":{"0":325,"1":137,"2":351,"3":188},"b":{"0":[27],"1":[60],"2":[298,298]}}
,"/home/gianmarcotoso/Developer/experiments/informal/src/wrap-handler.util.ts": {"path":"/home/gianmarcotoso/Developer/experiments/informal/src/wrap-handler.util.ts","statementMap":{"0":{"start":{"line":1,"column":0},"end":{"line":1,"column":53}},"1":{"start":{"line":4,"column":1},"end":{"line":11,"column":null}},"2":{"start":{"line":5,"column":17},"end":{"line":5,"column":49}},"3":{"start":{"line":6,"column":41},"end":{"line":6,"column":47}},"4":{"start":{"line":8,"column":15},"end":{"line":8,"column":34}},"5":{"start":{"line":10,"column":2},"end":{"line":10,"column":null}},"6":{"start":{"line":3,"column":0},"end":{"line":3,"column":16}}},"fnMap":{"0":{"name":"wrapHandler","decl":{"start":{"line":3,"column":16},"end":{"line":3,"column":27}},"loc":{"start":{"line":3,"column":52},"end":{"line":12,"column":1}}},"1":{"name":"eventHandler","decl":{"start":{"line":4,"column":17},"end":{"line":4,"column":29}},"loc":{"start":{"line":4,"column":42},"end":{"line":11,"column":2}}}},"branchMap":{"0":{"loc":{"start":{"line":10,"column":18},"end":{"line":10,"column":55}},"type":"cond-expr","locations":[{"start":{"line":10,"column":40},"end":{"line":10,"column":47}},{"start":{"line":10,"column":50},"end":{"line":10,"column":55}}]}},"s":{"0":1,"1":2,"2":2,"3":2,"4":2,"5":2,"6":1},"f":{"0":2,"1":2},"b":{"0":[1,1]}}
,"/home/gianmarcotoso/Developer/experiments/informal/src/react/use-form-focus.hook.ts": {"path":"/home/gianmarcotoso/Developer/experiments/informal/src/react/use-form-focus.hook.ts","statementMap":{"0":{"start":{"line":1,"column":0},"end":{"line":1,"column":52}},"1":{"start":{"line":2,"column":0},"end":{"line":2,"column":45}},"2":{"start":{"line":6,"column":28},"end":{"line":6,"column":68}},"3":{"start":{"line":7,"column":14},"end":{"line":7,"column":66}},"4":{"start":{"line":9,"column":1},"end":{"line":9,"column":null}},"5":{"start":{"line":5,"column":0},"end":{"line":5,"column":16}}},"fnMap":{"0":{"name":"useFormFocus","decl":{"start":{"line":5,"column":16},"end":{"line":5,"column":28}},"loc":{"start":{"line":5,"column":72},"end":{"line":10,"column":1}}}},"branchMap":{},"s":{"0":1,"1":1,"2":7,"3":7,"4":7,"5":1},"f":{"0":7},"b":{}}
,"/home/gianmarcotoso/Developer/experiments/informal/src/react/use-form-list.hook.ts": {"path":"/home/gianmarcotoso/Developer/experiments/informal/src/react/use-form-list.hook.ts","statementMap":{"0":{"start":{"line":2,"column":0},"end":{"line":2,"column":32}},"1":{"start":{"line":3,"column":0},"end":{"line":3,"column":52}},"2":{"start":{"line":4,"column":0},"end":{"line":4,"column":43}},"3":{"start":{"line":19,"column":27},"end":{"line":19,"column":61}},"4":{"start":{"line":20,"column":15},"end":{"line":20,"column":66}},"5":{"start":{"line":22,"column":1},"end":{"line":31,"column":null}},"6":{"start":{"line":6,"column":0},"end":{"line":6,"column":16}}},"fnMap":{"0":{"name":"useFormList","decl":{"start":{"line":6,"column":16},"end":{"line":6,"column":27}},"loc":{"start":{"line":8,"column":32},"end":{"line":32,"column":1}}}},"branchMap":{"0":{"loc":{"start":{"line":8,"column":1},"end":{"line":8,"column":32}},"type":"default-arg","locations":[{"start":{"line":8,"column":24},"end":{"line":8,"column":32}}]}},"s":{"0":1,"1":1,"2":1,"3":18,"4":18,"5":18,"6":1},"f":{"0":18},"b":{"0":[2]}}
,"/home/gianmarcotoso/Developer/experiments/informal/src/react/use-form-selector.hook.ts": {"path":"/home/gianmarcotoso/Developer/experiments/informal/src/react/use-form-selector.hook.ts","statementMap":{"0":{"start":{"line":1,"column":0},"end":{"line":1,"column":57}},"1":{"start":{"line":6,"column":14},"end":{"line":10,"column":null}},"2":{"start":{"line":9,"column":3},"end":{"line":9,"column":null}},"3":{"start":{"line":13,"column":1},"end":{"line":13,"column":null}},"4":{"start":{"line":5,"column":0},"end":{"line":5,"column":16}}},"fnMap":{"0":{"name":"useFormSelector","decl":{"start":{"line":5,"column":16},"end":{"line":5,"column":31}},"loc":{"start":{"line":5,"column":71},"end":{"line":14,"column":1}}},"1":{"name":"(anonymous_1)","decl":{"start":{"line":8,"column":14},"end":{"line":8,"column":17}},"loc":{"start":{"line":8,"column":19},"end":{"line":10,"column":3}}}},"branchMap":{},"s":{"0":1,"1":1,"2":3,"3":1,"4":1},"f":{"0":1,"1":3},"b":{}}
,"/home/gianmarcotoso/Developer/experiments/informal/src/react/use-form.hook.ts": {"path":"/home/gianmarcotoso/Developer/experiments/informal/src/react/use-form.hook.ts","statementMap":{"0":{"start":{"line":1,"column":0},"end":{"line":1,"column":32}},"1":{"start":{"line":2,"column":0},"end":{"line":2,"column":67}},"2":{"start":{"line":3,"column":0},"end":{"line":3,"column":43}},"3":{"start":{"line":10,"column":27},"end":{"line":10,"column":74}},"4":{"start":{"line":11,"column":14},"end":{"line":11,"column":64}},"5":{"start":{"line":13,"column":1},"end":{"line":13,"column":null}},"6":{"start":{"line":6,"column":0},"end":{"line":6,"column":16}}},"fnMap":{"0":{"name":"useForm","decl":{"start":{"line":6,"column":16},"end":{"line":6,"column":23}},"loc":{"start":{"line":8,"column":35},"end":{"line":14,"column":1}}}},"branchMap":{"0":{"loc":{"start":{"line":7,"column":1},"end":{"line":7,"column":39}},"type":"default-arg","locations":[{"start":{"line":7,"column":32},"end":{"line":7,"column":39}}]},"1":{"loc":{"start":{"line":8,"column":1},"end":{"line":8,"column":35}},"type":"default-arg","locations":[{"start":{"line":8,"column":27},"end":{"line":8,"column":35}}]}},"s":{"0":3,"1":3,"2":3,"3":41,"4":41,"5":41,"6":3},"f":{"0":41},"b":{"0":[1],"1":[38]}}
}
