TN:
SF:src/create-focus.ts
FN:3,createFocus
FN:6,onUpdate
FN:12,getData
FN:22,setData
FN:28,subscribe
FN:31,(anonymous_5)
FNF:6
FNH:6
FNDA:45,createFocus
FNDA:27,onUpdate
FNDA:111,getData
FNDA:27,setData
FNDA:23,subscribe
FNDA:22,(anonymous_5)
DA:3,4
DA:4,45
DA:7,27
DA:8,12
DA:13,111
DA:14,1
DA:16,1
DA:19,110
DA:23,27
DA:25,27
DA:29,23
DA:31,23
DA:34,45
LF:13
LH:13
BRDA:13,0,0,1
BRDA:13,1,0,111
BRDA:13,1,1,3
BRF:3
BRH:3
end_of_record
TN:
SF:src/create-form.ts
FN:7,createForm
FN:11,onUpdate
FN:17,getData
FN:27,setData
FN:46,subscribe
FN:49,(anonymous_5)
FNF:6
FNH:6
FNDA:81,createForm
FNDA:56,onUpdate
FNDA:292,getData
FNDA:56,setData
FNDA:29,subscribe
FNDA:25,(anonymous_5)
DA:1,7
DA:2,7
DA:4,7
DA:7,7
DA:8,81
DA:9,81
DA:12,56
DA:13,25
DA:18,292
DA:19,4
DA:21,4
DA:24,288
DA:28,56
DA:29,56
DA:31,56
DA:34,56
DA:35,14
DA:37,14
DA:39,42
DA:42,56
DA:43,56
DA:47,29
DA:49,29
DA:52,81
LF:24
LH:24
BRDA:7,0,0,1
BRDA:7,1,0,37
BRDA:18,2,0,4
BRDA:18,3,0,292
BRDA:18,3,1,116
BRDA:34,4,0,14
BRDA:34,4,1,42
BRF:7
BRH:7
end_of_record
TN:
SF:src/create-list.ts
FN:5,createList
FN:8,getItems
FN:12,setItems
FN:16,addItem
FN:17,(anonymous_4)
FN:20,updateItem
FN:21,(anonymous_6)
FN:26,removeItem
FN:27,(anonymous_8)
FN:28,(anonymous_9)
FNF:10
FNH:10
FNDA:27,createList
FNDA:82,getItems
FNDA:2,setItems
FNDA:3,addItem
FNDA:3,(anonymous_4)
FNDA:8,updateItem
FNDA:14,(anonymous_6)
FNDA:4,removeItem
FNDA:4,(anonymous_8)
FNDA:8,(anonymous_9)
DA:1,2
DA:5,2
DA:6,27
DA:9,82
DA:13,2
DA:17,3
DA:21,14
DA:23,8
DA:27,4
DA:28,8
DA:32,27
LF:11
LH:11
BRDA:5,0,0,1
BRDA:9,1,0,79
BRDA:9,1,1,3
BRDA:9,2,0,82
BRDA:9,2,1,82
BRF:5
BRH:5
end_of_record
TN:
SF:src/normalize-path.util.ts
FN:4,normalizePathElement
FN:11,(anonymous_1)
FN:17,normalizePath
FN:18,(anonymous_3)
FNF:4
FNH:4
FNDA:325,normalizePathElement
FNDA:137,(anonymous_1)
FNDA:351,normalizePath
FNDA:188,(anonymous_3)
DA:1,9
DA:5,325
DA:6,27
DA:9,298
DA:10,60
DA:11,137
DA:14,238
DA:17,9
DA:18,351
LF:9
LH:9
BRDA:5,0,0,27
BRDA:9,1,0,60
BRDA:9,2,0,298
BRDA:9,2,1,298
BRF:4
BRH:4
end_of_record
TN:
SF:src/wrap-handler.util.ts
FN:3,wrapHandler
FN:4,eventHandler
FNF:2
FNH:2
FNDA:2,wrapHandler
FNDA:2,eventHandler
DA:1,1
DA:3,1
DA:4,2
DA:5,2
DA:6,2
DA:8,2
DA:10,2
LF:7
LH:7
BRDA:10,0,0,1
BRDA:10,0,1,1
BRF:2
BRH:2
end_of_record
TN:
SF:src/react/use-form-focus.hook.ts
FN:5,useFormFocus
FNF:1
FNH:1
FNDA:7,useFormFocus
DA:1,1
DA:2,1
DA:5,1
DA:6,7
DA:7,7
DA:9,7
LF:6
LH:6
BRF:0
BRH:0
end_of_record
TN:
SF:src/react/use-form-list.hook.ts
FN:6,useFormList
FNF:1
FNH:1
FNDA:18,useFormList
DA:2,1
DA:3,1
DA:4,1
DA:6,1
DA:19,18
DA:20,18
DA:22,18
LF:7
LH:7
BRDA:8,0,0,2
BRF:1
BRH:1
end_of_record
TN:
SF:src/react/use-form-selector.hook.ts
FN:5,useFormSelector
FN:8,(anonymous_1)
FNF:2
FNH:2
FNDA:1,useFormSelector
FNDA:3,(anonymous_1)
DA:1,1
DA:5,1
DA:6,1
DA:9,3
DA:13,1
LF:5
LH:5
BRF:0
BRH:0
end_of_record
TN:
SF:src/react/use-form.hook.ts
FN:6,useForm
FNF:1
FNH:1
FNDA:41,useForm
DA:1,3
DA:2,3
DA:3,3
DA:6,3
DA:10,41
DA:11,41
DA:13,41
LF:7
LH:7
BRDA:7,0,0,1
BRDA:8,1,0,38
BRF:2
BRH:2
end_of_record
