TN:
SF:src/create-focus.ts
FN:3,createFocus
FN:6,onUpdate
FN:12,getData
FN:22,setData
FN:28,subscribe
FN:31,(anonymous_5)
FNF:6
FNH:6
FNDA:42,createFocus
FNDA:24,onUpdate
FNDA:109,getData
FNDA:24,setData
FNDA:23,subscribe
FNDA:22,(anonymous_5)
DA:3,4
DA:4,42
DA:7,24
DA:8,12
DA:13,109
DA:14,1
DA:16,1
DA:19,108
DA:23,24
DA:25,24
DA:29,23
DA:31,23
DA:34,42
LF:13
LH:13
BRDA:13,0,0,1
BRDA:13,1,0,109
BRDA:13,1,1,2
BRF:3
BRH:3
end_of_record
TN:
SF:src/create-form.ts
FN:7,createForm
FN:11,onUpdate
FN:17,getData
FN:27,setData
FN:46,subscribe
FN:49,(anonymous_5)
FNF:6
FNH:6
FNDA:72,createForm
FNDA:49,onUpdate
FNDA:280,getData
FNDA:49,setData
FNDA:26,subscribe
FNDA:24,(anonymous_5)
DA:1,7
DA:2,7
DA:4,7
DA:7,7
DA:8,72
DA:9,72
DA:12,49
DA:13,22
DA:18,280
DA:19,4
DA:21,4
DA:24,276
DA:28,49
DA:29,49
DA:31,49
DA:34,49
DA:35,13
DA:37,13
DA:39,36
DA:42,49
DA:43,49
DA:47,26
DA:49,26
DA:52,72
LF:24
LH:24
BRDA:7,0,0,1
BRDA:7,1,0,28
BRDA:18,2,0,4
BRDA:18,3,0,280
BRDA:18,3,1,113
BRDA:34,4,0,13
BRDA:34,4,1,36
BRF:7
BRH:7
end_of_record
TN:
SF:src/create-list.ts
FN:5,createList
FN:8,getList
FN:12,setList
FN:16,onAddListItem
FN:17,(anonymous_4)
FN:20,onEditListItem
FN:21,(anonymous_6)
FN:26,onRemoveListItem
FN:27,(anonymous_8)
FN:28,(anonymous_9)
FNF:10
FNH:10
FNDA:27,createList
FNDA:82,getList
FNDA:2,setList
FNDA:3,onAddListItem
FNDA:3,(anonymous_4)
FNDA:8,onEditListItem
FNDA:14,(anonymous_6)
FNDA:4,onRemoveListItem
FNDA:4,(anonymous_8)
FNDA:8,(anonymous_9)
DA:1,2
DA:5,2
DA:6,27
DA:9,82
DA:13,2
DA:17,3
DA:21,14
DA:23,8
DA:27,4
DA:28,8
DA:32,27
LF:11
LH:11
BRDA:5,0,0,1
BRDA:9,1,0,79
BRDA:9,1,1,3
BRDA:9,2,0,82
BRDA:9,2,1,82
BRF:5
BRH:5
end_of_record
TN:
SF:src/normalize-path.util.ts
FN:4,normalizePathElement
FN:11,(anonymous_1)
FN:17,normalizePath
FN:18,(anonymous_3)
FNF:4
FNH:4
FNDA:307,normalizePathElement
FNDA:130,(anonymous_1)
FNDA:332,normalizePath
FNDA:177,(anonymous_3)
DA:1,9
DA:5,307
DA:6,24
DA:9,283
DA:10,57
DA:11,130
DA:14,226
DA:17,9
DA:18,332
LF:9
LH:9
BRDA:5,0,0,24
BRDA:9,1,0,57
BRDA:9,2,0,283
BRDA:9,2,1,283
BRF:4
BRH:4
end_of_record
TN:
SF:src/wrap-handler.util.ts
FN:3,wrapHandler
FN:4,eventHandler
FNF:2
FNH:2
FNDA:2,wrapHandler
FNDA:2,eventHandler
DA:1,1
DA:3,1
DA:4,2
DA:5,2
DA:6,2
DA:8,2
DA:10,2
LF:7
LH:7
BRDA:10,0,0,1
BRDA:10,0,1,1
BRF:2
BRH:2
end_of_record
TN:
SF:src/react/use-form-focus.hook.ts
FN:5,useFormFocus
FNF:1
FNH:1
FNDA:7,useFormFocus
DA:1,1
DA:2,1
DA:5,1
DA:6,7
DA:7,7
DA:9,7
LF:6
LH:6
BRF:0
BRH:0
end_of_record
TN:
SF:src/react/use-form-list.hook.ts
FN:6,useFormList
FNF:1
FNH:1
FNDA:18,useFormList
DA:2,1
DA:3,1
DA:4,1
DA:6,1
DA:19,18
DA:20,18
DA:22,18
LF:7
LH:7
BRDA:8,0,0,2
BRF:1
BRH:1
end_of_record
TN:
SF:src/react/use-form-selector.hook.ts
FN:5,useFormSelector
FN:8,(anonymous_1)
FNF:2
FNH:2
FNDA:1,useFormSelector
FNDA:3,(anonymous_1)
DA:1,1
DA:5,1
DA:6,1
DA:9,3
DA:13,1
LF:5
LH:5
BRF:0
BRH:0
end_of_record
TN:
SF:src/react/use-form.hook.ts
FN:6,useForm
FNF:1
FNH:1
FNDA:41,useForm
DA:1,3
DA:2,3
DA:3,3
DA:6,3
DA:10,41
DA:11,41
DA:13,41
LF:7
LH:7
BRDA:7,0,0,1
BRDA:8,1,0,38
BRF:2
BRH:2
end_of_record
